2026-03-11 12:10:25 | Thread-3 (process_request_thread) | MainProcess | ERROR | error funcionario_dashboard _funcionario_funcionario.html
2026-03-16 12:44:33 | Thread-8 (process_request_thread) | MainProcess | ERROR | error en funcionario.funcionario_dashboard_ dashboard.html
2026-03-16 12:44:33 | Thread-9 (process_request_thread) | MainProcess | ERROR | error en funcionario.funcionario_dashboard_ dashboard.html
2026-03-16 12:44:52 | Thread-14 (process_request_thread) | MainProcess | ERROR | error en funcionario.funcionario_dashboard_ dashboard.html
2026-03-16 12:45:06 | Thread-16 (process_request_thread) | MainProcess | ERROR | error en funcionario.funcionario_dashboard_ dashboard.html
2026-03-16 12:45:25 | Thread-3 (process_request_thread) | MainProcess | ERROR | error en funcionario.funcionario_dashboard_ dashboard.html
2026-03-16 12:45:29 | Thread-5 (process_request_thread) | MainProcess | ERROR | error en funcionario.funcionario_dashboard_ dashboard.html
2026-03-16 12:45:36 | Thread-7 (process_request_thread) | MainProcess | ERROR | error en funcionario.funcionario_dashboard_ dashboard.html
2026-03-16 12:45:39 | Thread-8 (process_request_thread) | MainProcess | ERROR | error en funcionario.funcionario_dashboard_ dashboard.html
2026-03-16 12:45:45 | Thread-10 (process_request_thread) | MainProcess | ERROR | error en funcionario.funcionario_dashboard_ dashboard.html
2026-03-16 12:45:57 | Thread-11 (process_request_thread) | MainProcess | ERROR | error en funcionario.funcionario_dashboard_ dashboard.html
2026-03-16 12:46:16 | Thread-19 (process_request_thread) | MainProcess | ERROR | error en funcionario.funcionario_dashboard_ dashboard.html
2026-03-16 12:46:16 | Thread-20 (process_request_thread) | MainProcess | ERROR | error en funcionario.funcionario_dashboard_ dashboard.html
2026-03-16 13:27:16 | Thread-4 (process_request_thread) | MainProcess | ERROR | error en funcionario.funcionario_dashboard_ dashboard.html
2026-03-16 13:27:22 | Thread-6 (process_request_thread) | MainProcess | ERROR | error en funcionario.funcionario_dashboard_ dashboard.html
2026-03-16 13:27:27 | Thread-8 (process_request_thread) | MainProcess | ERROR | error en funcionario.funcionario_dashboard_ dashboard.html
2026-03-16 13:27:39 | Thread-16 (process_request_thread) | MainProcess | ERROR | error en funcionario.funcionario_dashboard_ dashboard.html
2026-03-16 13:27:39 | Thread-17 (process_request_thread) | MainProcess | ERROR | error en funcionario.funcionario_dashboard_ dashboard.html
2026-03-16 15:53:45 | Thread-20 (process_request_thread) | MainProcess | ERROR | error en funcionario.funcionario_dashboard_ Could not build url for endpoint _funcionario_admin_taller_. Did you mean _url_funcionario.admin_talleristas_ instead_
2026-03-16 15:53:57 | Thread-25 (process_request_thread) | MainProcess | ERROR | error en funcionario.funcionario_dashboard_ Could not build url for endpoint _funcionario_admin_taller_. Did you mean _url_funcionario.admin_talleristas_ instead_
2026-03-16 15:53:57 | Thread-26 (process_request_thread) | MainProcess | ERROR | error en funcionario.funcionario_dashboard_ Could not build url for endpoint _funcionario_admin_taller_. Did you mean _url_funcionario.admin_talleristas_ instead_
2026-03-16 15:54:30 | Thread-33 (process_request_thread) | MainProcess | ERROR | error en funcionario.funcionario_dashboard_ Could not build url for endpoint _funcionario_admin_taller_. Did you mean _url_funcionario.admin_talleristas_ instead_
2026-03-16 15:54:33 | Thread-35 (process_request_thread) | MainProcess | ERROR | error en funcionario.funcionario_dashboard_ Could not build url for endpoint _funcionario_admin_taller_. Did you mean _url_funcionario.admin_talleristas_ instead_
2026-03-16 15:54:53 | Thread-3 (process_request_thread) | MainProcess | ERROR | error en funcionario.funcionario_dashboard_ Could not build url for endpoint _funcionario_admin_taller_. Did you mean _url_funcionario.admin_talleristas_ instead_
2026-03-16 15:54:57 | Thread-5 (process_request_thread) | MainProcess | ERROR | error en funcionario.funcionario_dashboard_ Could not build url for endpoint _funcionario_admin_taller_. Did you mean _url_funcionario.admin_talleristas_ instead_
2026-03-16 15:55:13 | Thread-13 (process_request_thread) | MainProcess | ERROR | error en funcionario.funcionario_dashboard_ Could not build url for endpoint _funcionario_admin_taller_. Did you mean _url_funcionario.admin_talleristas_ instead_
2026-03-16 15:55:13 | Thread-14 (process_request_thread) | MainProcess | ERROR | error en funcionario.funcionario_dashboard_ Could not build url for endpoint _funcionario_admin_taller_. Did you mean _url_funcionario.admin_talleristas_ instead_
2026-03-16 15:55:44 | Thread-2 (process_request_thread) | MainProcess | ERROR | error en funcionario.funcionario_dashboard_ Could not build url for endpoint _funcionario_admin_taller_. Did you mean _url_funcionario.admin_talleristas_ instead_
2026-03-16 15:55:48 | Thread-5 (process_request_thread) | MainProcess | ERROR | error en funcionario.funcionario_dashboard_ Could not build url for endpoint _funcionario_admin_taller_. Did you mean _url_funcionario.admin_talleristas_ instead_
2026-03-16 15:57:03 | Thread-9 (process_request_thread) | MainProcess | ERROR | error en funcionario.funcionario_dashboard_ Could not build url for endpoint _funcionario_admin_taller_. Did you mean _url_funcionario.admin_talleristas_ instead_
2026-03-16 15:58:24 | Thread-11 (process_request_thread) | MainProcess | ERROR | error en funcionario.funcionario_dashboard_ Could not build url for endpoint _funcionario_admin_taller_. Did you mean _url_funcionario.admin_talleristas_ instead_
2026-03-16 15:58:58 | Thread-15 (process_request_thread) | MainProcess | ERROR | error en funcionario.funcionario_dashboard_ Could not build url for endpoint ___. Did you mean _static_ instead_
2026-03-17 12:27:49 | Thread-15 (process_request_thread) | MainProcess | ERROR | error en funcionario.funcionario_dashboard_ Could not build url for endpoint _url_funcionario.admin_talleristas_. Did you mean _url_funcionario.api_taller_lista_ instead_
2026-03-17 12:29:42 | Thread-2 (process_request_thread) | MainProcess | ERROR | error en funcionario.funcionario_dashboard_ Could not build url for endpoint _url_funcionario.admin_talleristas_. Did you mean _url_funcionario.api_taller_lista_ instead_
2026-03-17 12:32:34 | Thread-18 (process_request_thread) | MainProcess | ERROR | error en funcionario.funcionario_admin_taller _ administracion_taller.html
2026-03-17 12:32:41 | Thread-19 (process_request_thread) | MainProcess | ERROR | error en funcionario.funcionario_gestion_tallerista_ funcionario_gestion_tallerista.html
2026-03-17 12:32:44 | Thread-20 (process_request_thread) | MainProcess | ERROR | error en funcionario.funcionario_gestion_inscripciones_ funcionario_gestion_inscripciones.html
2026-03-17 12:32:46 | Thread-21 (process_request_thread) | MainProcess | ERROR | error en funcionario.lista_espera_ funcionario_lista_espera.html
2026-03-17 12:33:06 | Thread-25 (process_request_thread) | MainProcess | ERROR | error en funcionario.funcionario_gestion_tallerista_ funcionario_gestion_tallerista.html
2026-03-17 12:33:12 | Thread-26 (process_request_thread) | MainProcess | ERROR | error en funcionario.lista_espera_ funcionario_lista_espera.html
2026-03-17 12:33:15 | Thread-27 (process_request_thread) | MainProcess | ERROR | error en funcionario.funcionario_gestion_inscripciones_ funcionario_gestion_inscripciones.html
2026-03-17 13:06:12 | Thread-3 (process_request_thread) | MainProcess | ERROR | error en funcionario.funcionario_dashboard_ Could not build url for endpoint __. Did you mean _static_ instead_
2026-03-17 13:06:57 | Thread-13 (process_request_thread) | MainProcess | ERROR | error en funcionario.lista_espera_ funcionario_lista_espera.html
2026-03-17 13:07:00 | Thread-14 (process_request_thread) | MainProcess | ERROR | error en funcionario.funcionario_gestion_inscripciones_ funcionario_gestion_inscripciones.html
2026-03-17 13:07:20 | Thread-15 (process_request_thread) | MainProcess | ERROR | error en funcionario.funcionario_gestion_tallerista_ funcionario_gestion_tallerista.html
2026-03-17 13:07:24 | Thread-16 (process_request_thread) | MainProcess | ERROR | error en funcionario.funcionario_admin_taller _ administracion_taller.html
2026-03-17 13:09:53 | Thread-7 (process_request_thread) | MainProcess | ERROR | error en funcionario.funcionario_admin_taller _ Could not build url for endpoint _url_funcionario.talleres_masivo_. Did you mean _url_funcionario.api_taller_lista_ instead_
2026-03-17 13:14:13 | Thread-59 (process_request_thread) | MainProcess | ERROR | error en funcionario.funcionario_admin_taller _ Could not build url for endpoint _url_funcionario.talleres_masivo_. Did you mean _url_funcionario.api_taller_lista_ instead_
2026-03-17 13:17:16 | Thread-61 (process_request_thread) | MainProcess | ERROR | error en funcionario.funcionario_admin_taller _ Could not build url for endpoint _url_funcionario.talleres_masivo_. Did you mean _url_funcionario.api_taller_lista_ instead_
2026-03-17 13:34:48 | Thread-8 (process_request_thread) | MainProcess | ERROR | error en funcionario.funcionario_admin_taller _ Could not build url for endpoint _url_funcionario.talleres_masivo_. Did you mean _url_funcionario.api_taller_lista_ instead_
2026-03-17 13:47:57 | Thread-12 (process_request_thread) | MainProcess | ERROR | error en funcionario.funcionario_gestion_tallerista_ funcionario_gestion_tallerista.html
2026-03-17 13:47:59 | Thread-13 (process_request_thread) | MainProcess | ERROR | error en funcionario.funcionario_gestion_inscripciones_ funcionario_gestion_inscripciones.html
2026-03-17 13:48:02 | Thread-14 (process_request_thread) | MainProcess | ERROR | error en funcionario.lista_espera_ funcionario_lista_espera.html
2026-03-17 15:15:27 | Thread-9 (process_request_thread) | MainProcess | ERROR | error en funcionario.funcionario_masivo_taller_ funcionario_taller_masivo.html
2026-03-17 15:25:57 | Thread-2 (process_request_thread) | MainProcess | ERROR | error en funcionario.funcionario_gestion_tallerista_ funcionario_gestion_tallerista.html
2026-03-18 08:26:44 | Thread-11 (process_request_thread) | MainProcess | ERROR | error en funcionario.funcionario_dashboard_ Could not build url for endpoint __url_funcionario.funcionario_admin_taller__. Did you mean _url_funcionario.funcionario_admin_taller_ instead_
2026-03-18 08:26:44 | Thread-12 (process_request_thread) | MainProcess | ERROR | error en funcionario.funcionario_dashboard_ Could not build url for endpoint __url_funcionario.funcionario_admin_taller__. Did you mean _url_funcionario.funcionario_admin_taller_ instead_
2026-03-18 12:43:38 | Thread-2 (process_request_thread) | MainProcess | ERROR | error en funcionario.funcionario_dashboard_ Could not build url for endpoint _url_principal.funcionario_lista_espera_. Did you mean _url_funcionario.funcionario_lista_espera_ instead_
2026-03-18 12:43:41 | Thread-3 (process_request_thread) | MainProcess | ERROR | error en funcionario.funcionario_dashboard_ Could not build url for endpoint _url_principal.funcionario_lista_espera_. Did you mean _url_funcionario.funcionario_lista_espera_ instead_
2026-03-18 12:43:54 | Thread-11 (process_request_thread) | MainProcess | ERROR | error en funcionario.funcionario_dashboard_ Could not build url for endpoint _url_principal.funcionario_lista_espera_. Did you mean _url_funcionario.funcionario_lista_espera_ instead_
2026-03-18 12:43:54 | Thread-12 (process_request_thread) | MainProcess | ERROR | error en funcionario.funcionario_dashboard_ Could not build url for endpoint _url_principal.funcionario_lista_espera_. Did you mean _url_funcionario.funcionario_lista_espera_ instead_
2026-03-19 09:16:10 | Thread-11 (process_request_thread) | MainProcess | ERROR | error en funcionario.funcionario_dashboard_ Could not build url for endpoint _url_funcionario.filtro_string_reversa_. Did you mean _url_funcionario.api_lista_espera_ instead_
2026-03-19 09:16:10 | Thread-10 (process_request_thread) | MainProcess | ERROR | error en funcionario.funcionario_dashboard_ Could not build url for endpoint _url_funcionario.filtro_string_reversa_. Did you mean _url_funcionario.api_lista_espera_ instead_
2026-03-19 09:18:27 | Thread-3 (process_request_thread) | MainProcess | ERROR | error en funcionario.funcionario_dashboard_ Could not build url for endpoint _url_funcionario.filtro_string_reversa_. Did you mean _url_funcionario.api_lista_espera_ instead_
2026-03-19 09:18:32 | Thread-6 (process_request_thread) | MainProcess | ERROR | error en funcionario.funcionario_dashboard_ Could not build url for endpoint _url_funcionario.filtro_string_reversa_. Did you mean _url_funcionario.api_lista_espera_ instead_
2026-03-19 09:19:02 | Thread-8 (process_request_thread) | MainProcess | ERROR | error en funcionario.funcionario_admin_taller _ Could not build url for endpoint _url_funcionario.filtro_string_reversa_. Did you mean _url_funcionario.api_lista_espera_ instead_
2026-03-19 09:19:55 | Thread-35 (process_request_thread) | MainProcess | ERROR | error en funcionario.funcionario_dashboard_ Could not build url for endpoint _url_funcionario.filtro_string_reversa_. Did you mean _url_funcionario.api_lista_espera_ instead_
2026-03-19 09:20:40 | Thread-22 (process_request_thread) | MainProcess | ERROR | error en funcionario.funcionario_dashboard_ Could not build url for endpoint _url_funcionario.filtro_string_reversa_. Did you mean _url_funcionario.api_lista_espera_ instead_
2026-03-19 09:23:10 | Thread-23 (process_request_thread) | MainProcess | ERROR | error en funcionario.funcionario_dashboard_ Could not build url for endpoint _url_funcionario.filtro_string_reversa_. Did you mean _url_funcionario.api_lista_espera_ instead_
2026-03-19 09:23:53 | Thread-24 (process_request_thread) | MainProcess | ERROR | error en funcionario.funcionario_dashboard_ Could not build url for endpoint _url_funcionario.filtro_string_reversa_. Did you mean _url_funcionario.api_lista_espera_ instead_
2026-03-19 09:23:54 | Thread-25 (process_request_thread) | MainProcess | ERROR | error en funcionario.funcionario_dashboard_ Could not build url for endpoint _url_funcionario.filtro_string_reversa_. Did you mean _url_funcionario.api_lista_espera_ instead_
2026-03-19 09:26:30 | Thread-27 (process_request_thread) | MainProcess | ERROR | error en funcionario.funcionario_dashboard_ Could not build url for endpoint _url_funcionario.filtro_string_reversa_. Did you mean _url_funcionario.api_lista_espera_ instead_
2026-03-19 09:26:57 | Thread-29 (process_request_thread) | MainProcess | ERROR | error en funcionario.funcionario_dashboard_ Could not build url for endpoint _url_funcionario.filtro_string_reversa_. Did you mean _url_funcionario.api_lista_espera_ instead_
2026-03-19 09:48:34 | Thread-2 (process_request_thread) | MainProcess | ERROR | error en funcionario.funcionario_dashboard_ Could not build url for endpoint _url_funcionario.filtro_string_reversa_. Did you mean _url_funcionario.api_lista_espera_ instead_
2026-03-19 09:48:46 | Thread-3 (process_request_thread) | MainProcess | ERROR | error en funcionario.funcionario_dashboard_ Could not build url for endpoint _url_funcionario.filtro_string_reversa_. Did you mean _url_funcionario.api_lista_espera_ instead_
2026-03-19 09:48:47 | Thread-4 (process_request_thread) | MainProcess | ERROR | error en funcionario.funcionario_dashboard_ Could not build url for endpoint _url_funcionario.filtro_string_reversa_. Did you mean _url_funcionario.api_lista_espera_ instead_
2026-03-19 09:48:47 | Thread-5 (process_request_thread) | MainProcess | ERROR | error en funcionario.funcionario_dashboard_ Could not build url for endpoint _url_funcionario.filtro_string_reversa_. Did you mean _url_funcionario.api_lista_espera_ instead_
2026-03-19 09:48:47 | Thread-6 (process_request_thread) | MainProcess | ERROR | error en funcionario.funcionario_dashboard_ Could not build url for endpoint _url_funcionario.filtro_string_reversa_. Did you mean _url_funcionario.api_lista_espera_ instead_
2026-03-19 09:48:47 | Thread-7 (process_request_thread) | MainProcess | ERROR | error en funcionario.funcionario_dashboard_ Could not build url for endpoint _url_funcionario.filtro_string_reversa_. Did you mean _url_funcionario.api_lista_espera_ instead_
2026-03-19 09:48:49 | Thread-8 (process_request_thread) | MainProcess | ERROR | error en funcionario.funcionario_dashboard_ Could not build url for endpoint _url_funcionario.filtro_string_reversa_. Did you mean _url_funcionario.api_lista_espera_ instead_
2026-03-19 09:48:49 | Thread-9 (process_request_thread) | MainProcess | ERROR | error en funcionario.funcionario_dashboard_ Could not build url for endpoint _url_funcionario.filtro_string_reversa_. Did you mean _url_funcionario.api_lista_espera_ instead_
2026-03-19 09:48:50 | Thread-10 (process_request_thread) | MainProcess | ERROR | error en funcionario.funcionario_dashboard_ Could not build url for endpoint _url_funcionario.filtro_string_reversa_. Did you mean _url_funcionario.api_lista_espera_ instead_
2026-03-19 10:17:55 | Thread-36 (process_request_thread) | MainProcess | ERROR | error en funcionario.funcionario_dashboard_ Could not build url for endpoint _url_funcionario.filtro_string_reversa_. Did you mean _url_funcionario.api_lista_espera_ instead_
2026-03-19 10:18:06 | Thread-37 (process_request_thread) | MainProcess | ERROR | error en funcionario.funcionario_dashboard_ Could not build url for endpoint _url_funcionario.filtro_string_reversa_. Did you mean _url_funcionario.api_lista_espera_ instead_
2026-03-19 10:18:07 | Thread-38 (process_request_thread) | MainProcess | ERROR | error en funcionario.funcionario_dashboard_ Could not build url for endpoint _url_funcionario.filtro_string_reversa_. Did you mean _url_funcionario.api_lista_espera_ instead_
2026-03-19 12:38:48 | Thread-40 (process_request_thread) | MainProcess | ERROR | error en funcionario.funcionario_dashboard_ Could not build url for endpoint _src_ with values __filename__. Did you mean _static_ instead_
2026-03-19 12:39:29 | Thread-43 (process_request_thread) | MainProcess | ERROR | error en funcionario.funcionario_dashboard_ Could not build url for endpoint _src_ with values __filename__. Did you mean _static_ instead_
2026-03-19 12:39:35 | Thread-45 (process_request_thread) | MainProcess | ERROR | error en funcionario.funcionario_dashboard_ Could not build url for endpoint _src_ with values __filename__. Did you mean _static_ instead_
2026-03-23 12:41:47 | Thread-11 (process_request_thread) | MainProcess | ERROR | error en funcionario.funcionario_dashboard_ Could not build url for endpoint _url_principal.index_chamuco_. Did you mean _url_principal.index_ instead_
2026-03-23 12:41:47 | Thread-12 (process_request_thread) | MainProcess | ERROR | error en funcionario.funcionario_dashboard_ Could not build url for endpoint _url_principal.index_chamuco_. Did you mean _url_principal.index_ instead_
2026-03-23 12:42:46 | Thread-13 (process_request_thread) | MainProcess | ERROR | error en funcionario.funcionario_dashboard_ Could not build url for endpoint _url_principal.index_chamuco_. Did you mean _url_principal.index_ instead_
2026-03-23 12:42:46 | Thread-14 (process_request_thread) | MainProcess | ERROR | error en funcionario.funcionario_dashboard_ Could not build url for endpoint _url_principal.index_chamuco_. Did you mean _url_principal.index_ instead_
2026-03-23 12:42:47 | Thread-15 (process_request_thread) | MainProcess | ERROR | error en funcionario.funcionario_dashboard_ Could not build url for endpoint _url_principal.index_chamuco_. Did you mean _url_principal.index_ instead_
2026-03-23 12:43:31 | Thread-18 (process_request_thread) | MainProcess | ERROR | error en funcionario.funcionario_dashboard_ Could not build url for endpoint _url_principal.index_chamuco_. Did you mean _url_principal.index_ instead_
2026-03-23 12:46:20 | Thread-28 (process_request_thread) | MainProcess | ERROR | error en funcionario.funcionario_dashboard_ Could not build url for endpoint _url_principal.index_chamuco_. Did you mean _url_principal.index_ instead_
2026-03-23 12:46:20 | Thread-29 (process_request_thread) | MainProcess | ERROR | error en funcionario.funcionario_dashboard_ Could not build url for endpoint _url_principal.index_chamuco_. Did you mean _url_principal.index_ instead_
2026-03-23 12:47:38 | Thread-47 (process_request_thread) | MainProcess | ERROR | error en funcionario.funcionario_dashboard_ Could not build url for endpoint _url_principal.index_chamuco_. Did you mean _url_principal.index_ instead_
2026-03-23 12:48:07 | Thread-52 (process_request_thread) | MainProcess | ERROR | error en funcionario.funcionario_dashboard_ Could not build url for endpoint _url_principal.debug_rutas_. Did you mean _url_admin.debug_rutas_ instead_
2026-03-23 12:48:18 | Thread-53 (process_request_thread) | MainProcess | ERROR | error en funcionario.funcionario_dashboard_ Could not build url for endpoint _url_principal.index_chamuco_. Did you mean _url_principal.index_ instead_
2026-03-23 12:48:25 | Thread-54 (process_request_thread) | MainProcess | ERROR | error en funcionario.funcionario_dashboard_ Could not build url for endpoint _url_principal.debug_rutas_. Did you mean _url_admin.debug_rutas_ instead_
2026-03-24 17:01:41 | Thread-97 (process_request_thread) | MainProcess | ERROR | error en funcionario.api_taller_lista_ argument of type _decimal.Decimal_ is not a container or iterable
2026-03-24 17:02:17 | Thread-101 (process_request_thread) | MainProcess | ERROR | error en funcionario.api_taller_lista_ argument of type _decimal.Decimal_ is not a container or iterable
2026-03-25 11:59:49 | Thread-11 (process_request_thread) | MainProcess | ERROR | error en funcionario.api_taller_lista_ cannot access local variable _categoria_ where it is not associated with a value
2026-03-25 12:00:10 | Thread-11 (process_request_thread) | MainProcess | ERROR | error en funcionario.api_taller_lista_ cannot access local variable _categoria_ where it is not associated with a value
2026-03-25 12:00:35 | Thread-21 (process_request_thread) | MainProcess | ERROR | error en funcionario.api_taller_lista_ cannot access local variable _categoria_ where it is not associated with a value
2026-03-25 12:05:58 | Thread-29 (process_request_thread) | MainProcess | ERROR | error en funcionario.api_taller_lista_ cannot access local variable _categoria_ where it is not associated with a value
2026-03-25 12:07:03 | Thread-32 (process_request_thread) | MainProcess | ERROR | error en funcionario.api_taller_lista_ cannot access local variable _categoria_ where it is not associated with a value
2026-03-25 12:10:39 | Thread-45 (process_request_thread) | MainProcess | ERROR | error en funcionario.api_taller_lista_ cannot access local variable _categoria_ where it is not associated with a value
2026-03-25 12:14:27 | Thread-11 (process_request_thread) | MainProcess | ERROR | error en funcionario.api_taller_lista_ obtener_talleres__ got an unexpected keyword argument _id_categoria_
2026-03-30 08:45:12 | Thread-2 (process_request_thread) | MainProcess | ERROR | error en funcionario.api_crear_taller_ inscribir_el_taller__ missing 2 required positional arguments_ _material_ and _ind_tipo_taller_
2026-03-30 08:54:32 | Thread-3 (process_request_thread) | MainProcess | ERROR | error en funcionario.api_crear_taller_ inscribir_el_taller__ missing 2 required positional arguments_ _material_ and _ind_tipo_taller_
2026-04-08 16:47:25 | Thread-34 (process_request_thread) | MainProcess | ERROR | error en funcionario.api_crear_taller_ inscribir_el_taller__ missing 1 required positional argument_ _id_departamento_
2026-04-08 16:48:11 | Thread-35 (process_request_thread) | MainProcess | ERROR | error en funcionario.api_crear_taller_ inscribir_el_taller__ missing 1 required positional argument_ _id_departamento_
2026-04-08 17:12:57 | Thread-2 (process_request_thread) | MainProcess | ERROR | error en funcionario.api_crear_taller_ inscribir_el_taller__ got an unexpected keyword argument _fec_inicio_
2026-04-08 17:13:17 | Thread-2 (process_request_thread) | MainProcess | ERROR | error en funcionario.api_crear_taller_ name _fecha_inicio_ is not defined
2026-04-08 17:13:37 | Thread-3 (process_request_thread) | MainProcess | ERROR | error en funcionario.api_crear_taller_ name _fecha_inicio_ is not defined
2026-04-08 17:13:46 | Thread-4 (process_request_thread) | MainProcess | ERROR | error en funcionario.api_crear_taller_ name _fecha_inicio_ is not defined
2026-04-08 17:13:54 | Thread-5 (process_request_thread) | MainProcess | ERROR | error en funcionario.api_crear_taller_ name _fecha_inicio_ is not defined
2026-04-09 08:52:51 | Thread-23 (process_request_thread) | MainProcess | ERROR | error en funcionario.api_crear_taller_ name _fecha_inicio_ is not defined
2026-04-09 09:01:34 | Thread-10 (process_request_thread) | MainProcess | ERROR | error en funcionario.api_crear_taller_ inscribir_el_taller__ got an unexpected keyword argument _id_estado_taller_. Did you mean _ind_tipo_taller__
2026-04-09 09:45:13 | Thread-2 (process_request_thread) | MainProcess | ERROR | error en funcionario.api_crear_taller_ _NoneType_ object has no attribute _get_
2026-04-09 09:45:33 | Thread-3 (process_request_thread) | MainProcess | ERROR | error en funcionario.api_crear_taller_ _NoneType_ object has no attribute _get_
2026-04-09 10:51:43 | Thread-13 (process_request_thread) | MainProcess | ERROR | error en funcionario.api_crear_taller_ time data __ does not match format __Y-_m-_d_
2026-04-09 10:51:53 | Thread-14 (process_request_thread) | MainProcess | ERROR | error en funcionario.api_crear_taller_ time data __ does not match format __Y-_m-_d_
2026-04-13 08:56:24 | Thread-12 (process_request_thread) | MainProcess | ERROR | error en api_crear_taller_ inscribir_el_taller__ got an unexpected keyword argument _fec_inicio_
2026-04-13 08:56:45 | Thread-11 (process_request_thread) | MainProcess | ERROR | error en api_crear_taller_ name _fecha_inicio_ is not defined
2026-04-13 08:57:13 | Thread-21 (process_request_thread) | MainProcess | ERROR | error en api_crear_taller_ name _fecha_inicio_ is not defined
2026-04-13 08:58:17 | Thread-31 (process_request_thread) | MainProcess | ERROR | error en api_crear_taller_ name _fecha_inicio_ is not defined
2026-04-15 15:17:29 | Thread-8 (process_request_thread) | MainProcess | ERROR | api_tallerista_lista_ name _listar_talleristas_ is not defined
2026-04-15 15:52:25 | Thread-7 (process_request_thread) | MainProcess | ERROR | error en funcionario.api_tallerista_lista_ object of type _bool_ has no len__
2026-04-15 15:54:37 | Thread-2 (process_request_thread) | MainProcess | ERROR | error en funcionario.funcionario_gestion_tallerista_ obtener_profesores__ missing 1 required positional argument_ _id_profesor_
2026-04-15 15:54:54 | Thread-3 (process_request_thread) | MainProcess | ERROR | error en funcionario.funcionario_gestion_tallerista_ obtener_profesores__ missing 1 required positional argument_ _id_profesor_
2026-04-15 15:55:53 | Thread-2 (process_request_thread) | MainProcess | ERROR | error en funcionario.funcionario_gestion_tallerista_ obtener_profesores__ missing 1 required positional argument_ _id_profesor_
2026-04-15 15:59:38 | Thread-8 (process_request_thread) | MainProcess | ERROR | error en funcionario.api_tallerista_lista_ obtener_profesores__ missing 1 required positional argument_ _id_profesor_
2026-04-15 15:59:43 | Thread-16 (process_request_thread) | MainProcess | ERROR | error en funcionario.api_tallerista_lista_ obtener_profesores__ missing 1 required positional argument_ _id_profesor_
2026-04-15 15:59:54 | Thread-21 (process_request_thread) | MainProcess | ERROR | error en funcionario.funcionario_gestion_tallerista_ obtener_profesores__ missing 1 required positional argument_ _id_profesor_
2026-04-15 16:05:03 | Thread-9 (process_request_thread) | MainProcess | ERROR | error en funcionario.api_tallerista_lista_ obtener_profesores__ missing 1 required positional argument_ _id_profesor_
2026-04-15 16:05:06 | Thread-11 (process_request_thread) | MainProcess | ERROR | error en funcionario.funcionario_gestion_tallerista_ obtener_profesores__ missing 1 required positional argument_ _id_profesor_
2026-04-15 16:18:28 | Thread-15 (process_request_thread) | MainProcess | ERROR | error en funcionario.funcionario_gestion_tallerista_ obtener_profesores__ missing 1 required positional argument_ _id_profesor_
2026-04-15 16:36:59 | Thread-8 (process_request_thread) | MainProcess | ERROR | error en funcionario.api_tallerista_lista_ obtener_profesores__ missing 1 required positional argument_ _id_profesor_
2026-04-15 16:37:04 | Thread-10 (process_request_thread) | MainProcess | ERROR | error en funcionario.funcionario_gestion_tallerista_ obtener_profesores__ missing 1 required positional argument_ _id_profesor_
2026-04-15 16:39:28 | Thread-24 (process_request_thread) | MainProcess | ERROR | error en funcionario.api_tallerista_lista_ obtener_profesores__ missing 1 required positional argument_ _id_profesor_
2026-04-15 16:39:30 | Thread-26 (process_request_thread) | MainProcess | ERROR | error en funcionario.funcionario_gestion_tallerista_ obtener_profesores__ missing 1 required positional argument_ _id_profesor_
2026-04-15 16:41:05 | Thread-28 (process_request_thread) | MainProcess | ERROR | error en funcionario.funcionario_gestion_tallerista_ obtener_profesores__ missing 1 required positional argument_ _id_profesor_
2026-04-15 16:43:09 | Thread-2 (process_request_thread) | MainProcess | ERROR | error en funcionario.funcionario_gestion_tallerista_ obtener_profesores__ missing 1 required positional argument_ _id_profesor_
2026-04-15 16:43:28 | Thread-2 (process_request_thread) | MainProcess | ERROR | error en funcionario.funcionario_gestion_tallerista_ obtener_profesores__ missing 1 required positional argument_ _id_profesor_
2026-04-15 16:43:31 | Thread-9 (process_request_thread) | MainProcess | ERROR | api_tallerista_lista_ obtener_profesores__ takes 1 positional argument but 2 were given
2026-04-15 16:44:03 | Thread-8 (process_request_thread) | MainProcess | ERROR | api_tallerista_lista_ ver_profesor__ takes 1 positional argument but 2 were given
2026-04-15 16:44:32 | Thread-8 (process_request_thread) | MainProcess | ERROR | api_tallerista_lista_ object of type _bool_ has no len__
2026-04-16 10:00:31 | Thread-14 (process_request_thread) | MainProcess | ERROR | error en funcionario.api_tallerista_lista_ obtener_profesores__ missing 1 required positional argument_ _id_profesor_
2026-04-16 10:00:45 | Thread-19 (process_request_thread) | MainProcess | ERROR | error en funcionario.funcionario_gestion_tallerista_ obtener_profesores__ missing 1 required positional argument_ _id_profesor_
2026-04-16 10:09:57 | Thread-8 (process_request_thread) | MainProcess | ERROR | error en funcionario.api_tallerista_lista_ obtener_profesores__ missing 1 required positional argument_ _id_profesor_
2026-04-16 10:09:57 | Thread-9 (process_request_thread) | MainProcess | ERROR | error en funcionario.api_taller_lista_ obtener_talleres__ got an unexpected keyword argument _nombre_taller_
2026-04-16 10:10:55 | Thread-8 (process_request_thread) | MainProcess | ERROR | error en funcionario.api_tallerista_lista_ obtener_profesores__ missing 1 required positional argument_ _id_profesor_
2026-04-16 11:04:41 | Thread-8 (process_request_thread) | MainProcess | ERROR | error en funcionario.api_tallerista_lista_ obtener_profesores__ missing 1 required positional argument_ _id_profesor_
2026-04-16 11:06:58 | Thread-8 (process_request_thread) | MainProcess | ERROR | error en funcionario.api_tallerista_lista_ obtener_profesores__ missing 1 required positional argument_ _id_profesor_
2026-04-16 11:16:06 | Thread-8 (process_request_thread) | MainProcess | ERROR | error en funcionario.api_tallerista_lista_ obtener_profesores__ missing 1 required positional argument_ _id_profesor_
2026-04-16 11:16:18 | Thread-28 (process_request_thread) | MainProcess | ERROR | error en funcionario.api_tallerista_lista_ obtener_profesores__ missing 1 required positional argument_ _id_profesor_
2026-04-16 11:17:06 | Thread-41 (process_request_thread) | MainProcess | ERROR | error en funcionario.funcionario_gestion_tallerista_ obtener_profesores__ missing 1 required positional argument_ _id_profesor_
2026-04-16 11:17:08 | Thread-48 (process_request_thread) | MainProcess | ERROR | error en funcionario.api_tallerista_lista_ obtener_profesores__ missing 1 required positional argument_ _id_profesor_
2026-04-16 12:20:19 | Thread-8 (process_request_thread) | MainProcess | ERROR | error en funcionario.api_tallerista_lista_ obtener_profesores__ missing 1 required positional argument_ _id_profesor_
2026-04-16 12:20:19 | Thread-9 (process_request_thread) | MainProcess | ERROR | error en funcionario.api_taller_lista_ obtener_talleres__ got an unexpected keyword argument _estado_. Did you mean _estados__
2026-04-16 12:28:36 | Thread-8 (process_request_thread) | MainProcess | ERROR | error en funcionario.api_tallerista_lista_ obtener_profesores__ missing 1 required positional argument_ _id_profesor_
2026-04-16 12:33:08 | Thread-14 (process_request_thread) | MainProcess | ERROR | error en funcionario.api_tallerista_lista_ obtener_profesores__ missing 1 required positional argument_ _id_profesor_
2026-04-16 12:40:27 | Thread-8 (process_request_thread) | MainProcess | ERROR | error en funcionario.api_tallerista_lista_ obtener_profesores__ missing 1 required positional argument_ _id_profesor_
2026-04-16 12:40:57 | Thread-17 (process_request_thread) | MainProcess | ERROR | error en funcionario.api_tallerista_lista_ obtener_profesores__ missing 1 required positional argument_ _id_profesor_
2026-04-16 12:41:59 | Thread-8 (process_request_thread) | MainProcess | ERROR | error en funcionario.api_tallerista_lista_ obtener_profesores__ missing 1 required positional argument_ _id_profesor_
2026-04-16 12:41:59 | Thread-9 (process_request_thread) | MainProcess | ERROR | api_taller_lista_ obtener_talleres__ got an unexpected keyword argument _año_
2026-04-16 12:42:46 | Thread-8 (process_request_thread) | MainProcess | ERROR | error en funcionario.api_tallerista_lista_ obtener_profesores__ missing 1 required positional argument_ _id_profesor_
2026-04-16 12:42:46 | Thread-9 (process_request_thread) | MainProcess | ERROR | api_taller_lista_ obtener_talleres__ got an unexpected keyword argument _estados_
2026-04-16 12:42:58 | Thread-8 (process_request_thread) | MainProcess | ERROR | error en funcionario.api_tallerista_lista_ obtener_profesores__ missing 1 required positional argument_ _id_profesor_
2026-04-16 12:44:17 | Thread-21 (process_request_thread) | MainProcess | ERROR | error en funcionario.api_tallerista_lista_ obtener_profesores__ missing 1 required positional argument_ _id_profesor_
2026-04-16 12:44:26 | Thread-29 (process_request_thread) | MainProcess | ERROR | error en funcionario.api_tallerista_lista_ obtener_profesores__ missing 1 required positional argument_ _id_profesor_
2026-04-16 12:45:12 | Thread-38 (process_request_thread) | MainProcess | ERROR | error en funcionario.api_tallerista_lista_ obtener_profesores__ missing 1 required positional argument_ _id_profesor_
2026-04-16 12:45:59 | Thread-46 (process_request_thread) | MainProcess | ERROR | error en funcionario.api_tallerista_lista_ obtener_profesores__ missing 1 required positional argument_ _id_profesor_
2026-04-16 12:46:11 | Thread-54 (process_request_thread) | MainProcess | ERROR | error en funcionario.api_tallerista_lista_ obtener_profesores__ missing 1 required positional argument_ _id_profesor_
2026-04-16 12:48:04 | Thread-8 (process_request_thread) | MainProcess | ERROR | error en funcionario.api_tallerista_lista_ obtener_profesores__ missing 1 required positional argument_ _id_profesor_
2026-04-16 12:49:16 | Thread-8 (process_request_thread) | MainProcess | ERROR | error en funcionario.api_tallerista_lista_ obtener_profesores__ missing 1 required positional argument_ _id_profesor_
2026-04-16 12:49:48 | Thread-8 (process_request_thread) | MainProcess | ERROR | error en funcionario.api_tallerista_lista_ obtener_profesores__ missing 1 required positional argument_ _id_profesor_
2026-04-16 12:50:01 | Thread-8 (process_request_thread) | MainProcess | ERROR | error en funcionario.api_tallerista_lista_ obtener_profesores__ missing 1 required positional argument_ _id_profesor_
2026-04-16 12:50:01 | Thread-9 (process_request_thread) | MainProcess | ERROR | api_taller_lista_ obtener_talleres__ missing 3 required positional arguments_ _year_proceso_, _id_estado_taller_, and _id_categoria_
2026-04-16 13:07:12 | Thread-16 (process_request_thread) | MainProcess | ERROR | error en funcionario.api_tallerista_lista_ obtener_profesores__ missing 1 required positional argument_ _id_profesor_
2026-04-16 13:07:12 | Thread-17 (process_request_thread) | MainProcess | ERROR | api_taller_lista_ obtener_talleres__ missing 3 required positional arguments_ _year_proceso_, _id_estado_taller_, and _id_categoria_
2026-04-16 13:07:40 | Thread-24 (process_request_thread) | MainProcess | ERROR | error en funcionario.api_tallerista_lista_ obtener_profesores__ missing 1 required positional argument_ _id_profesor_
2026-04-16 13:07:40 | Thread-25 (process_request_thread) | MainProcess | ERROR | api_taller_lista_ obtener_talleres__ missing 3 required positional arguments_ _year_proceso_, _id_estado_taller_, and _id_categoria_
2026-04-16 13:08:00 | Thread-32 (process_request_thread) | MainProcess | ERROR | error en funcionario.api_tallerista_lista_ obtener_profesores__ missing 1 required positional argument_ _id_profesor_
2026-04-16 13:08:00 | Thread-33 (process_request_thread) | MainProcess | ERROR | api_taller_lista_ obtener_talleres__ missing 3 required positional arguments_ _year_proceso_, _id_estado_taller_, and _id_categoria_
2026-04-16 13:08:20 | Thread-8 (process_request_thread) | MainProcess | ERROR | error en funcionario.api_tallerista_lista_ obtener_profesores__ missing 1 required positional argument_ _id_profesor_
2026-04-16 13:08:47 | Thread-8 (process_request_thread) | MainProcess | ERROR | error en funcionario.api_tallerista_lista_ obtener_profesores__ missing 1 required positional argument_ _id_profesor_
2026-04-16 13:09:22 | Thread-16 (process_request_thread) | MainProcess | ERROR | error en funcionario.api_tallerista_lista_ obtener_profesores__ missing 1 required positional argument_ _id_profesor_
2026-04-16 13:09:58 | Thread-8 (process_request_thread) | MainProcess | ERROR | error en funcionario.api_tallerista_lista_ obtener_profesores__ missing 1 required positional argument_ _id_profesor_
2026-04-16 13:10:45 | Thread-16 (process_request_thread) | MainProcess | ERROR | error en funcionario.api_tallerista_lista_ obtener_profesores__ missing 1 required positional argument_ _id_profesor_
2026-04-16 13:10:49 | Thread-24 (process_request_thread) | MainProcess | ERROR | error en funcionario.api_tallerista_lista_ obtener_profesores__ missing 1 required positional argument_ _id_profesor_
2026-04-16 13:10:54 | Thread-32 (process_request_thread) | MainProcess | ERROR | error en funcionario.api_tallerista_lista_ obtener_profesores__ missing 1 required positional argument_ _id_profesor_
2026-04-16 13:11:04 | Thread-8 (process_request_thread) | MainProcess | ERROR | error en funcionario.api_tallerista_lista_ obtener_profesores__ missing 1 required positional argument_ _id_profesor_
2026-04-16 13:11:04 | Thread-9 (process_request_thread) | MainProcess | ERROR | api_taller_lista_ obtener_talleres__ missing 3 required positional arguments_ _year_proceso_, _id_estado_taller_, and _id_categoria_
2026-04-16 13:13:49 | Thread-8 (process_request_thread) | MainProcess | ERROR | error en funcionario.api_tallerista_lista_ obtener_profesores__ missing 1 required positional argument_ _id_profesor_
2026-04-16 13:13:49 | Thread-9 (process_request_thread) | MainProcess | ERROR | api_taller_lista_ obtener_talleres__ missing 3 required positional arguments_ _year_proceso_, _id_estado_taller_, and _id_categoria_
2026-04-16 13:14:06 | Thread-8 (process_request_thread) | MainProcess | ERROR | error en funcionario.api_tallerista_lista_ obtener_profesores__ missing 1 required positional argument_ _id_profesor_
2026-04-16 13:15:53 | Thread-8 (process_request_thread) | MainProcess | ERROR | error en funcionario.api_tallerista_lista_ obtener_profesores__ missing 1 required positional argument_ _id_profesor_
2026-04-16 13:17:39 | Thread-8 (process_request_thread) | MainProcess | ERROR | error en funcionario.api_tallerista_lista_ obtener_profesores__ missing 1 required positional argument_ _id_profesor_
2026-04-16 13:28:12 | Thread-8 (process_request_thread) | MainProcess | ERROR | error en funcionario.api_tallerista_lista_ obtener_profesores__ missing 1 required positional argument_ _id_profesor_
2026-04-16 13:28:48 | Thread-16 (process_request_thread) | MainProcess | ERROR | error en funcionario.api_tallerista_lista_ obtener_profesores__ missing 1 required positional argument_ _id_profesor_
2026-04-16 13:30:59 | Thread-8 (process_request_thread) | MainProcess | ERROR | error en funcionario.api_tallerista_lista_ obtener_profesores__ missing 1 required positional argument_ _id_profesor_
2026-04-16 13:32:39 | Thread-2 (process_request_thread) | MainProcess | ERROR | api_taller_lista_ obtener_talleres__ got an unexpected keyword argument _lugar_
2026-04-16 13:32:57 | Thread-3 (process_request_thread) | MainProcess | ERROR | api_taller_lista_ obtener_talleres__ got an unexpected keyword argument _lugar_
2026-04-16 13:33:01 | Thread-10 (process_request_thread) | MainProcess | ERROR | error en funcionario.api_tallerista_lista_ obtener_profesores__ missing 1 required positional argument_ _id_profesor_
2026-04-16 13:33:01 | Thread-11 (process_request_thread) | MainProcess | ERROR | api_taller_lista_ obtener_talleres__ got an unexpected keyword argument _lugar_
2026-04-16 13:33:05 | Thread-18 (process_request_thread) | MainProcess | ERROR | error en funcionario.api_tallerista_lista_ obtener_profesores__ missing 1 required positional argument_ _id_profesor_
2026-04-16 13:33:05 | Thread-19 (process_request_thread) | MainProcess | ERROR | api_taller_lista_ obtener_talleres__ got an unexpected keyword argument _lugar_
2026-04-16 13:33:38 | Thread-8 (process_request_thread) | MainProcess | ERROR | error en funcionario.api_tallerista_lista_ obtener_profesores__ missing 1 required positional argument_ _id_profesor_
2026-04-16 13:33:38 | Thread-9 (process_request_thread) | MainProcess | ERROR | api_taller_lista_ obtener_talleres__ got an unexpected keyword argument _lugar_
2026-04-16 13:34:14 | Thread-8 (process_request_thread) | MainProcess | ERROR | error en funcionario.api_tallerista_lista_ obtener_profesores__ missing 1 required positional argument_ _id_profesor_
2026-04-16 13:35:14 | Thread-9 (process_request_thread) | MainProcess | ERROR | error en funcionario.api_tallerista_lista_ obtener_profesores__ missing 1 required positional argument_ _id_profesor_
2026-04-16 13:36:39 | Thread-9 (process_request_thread) | MainProcess | ERROR | error en funcionario.api_tallerista_lista_ obtener_profesores__ missing 1 required positional argument_ _id_profesor_
2026-04-16 13:37:13 | Thread-9 (process_request_thread) | MainProcess | ERROR | error en funcionario.api_tallerista_lista_ obtener_profesores__ missing 1 required positional argument_ _id_profesor_
2026-04-16 13:37:50 | Thread-18 (process_request_thread) | MainProcess | ERROR | error en funcionario.api_tallerista_lista_ obtener_profesores__ missing 1 required positional argument_ _id_profesor_
2026-04-16 13:38:27 | Thread-9 (process_request_thread) | MainProcess | ERROR | error en funcionario.api_tallerista_lista_ obtener_profesores__ missing 1 required positional argument_ _id_profesor_
2026-04-16 13:38:27 | Thread-10 (process_request_thread) | MainProcess | ERROR | api_taller_lista_ obtener_talleres__ got an unexpected keyword argument _id_taller_
2026-04-16 13:43:16 | Thread-9 (process_request_thread) | MainProcess | ERROR | error en funcionario.api_tallerista_lista_ obtener_profesores__ missing 1 required positional argument_ _id_profesor_
2026-04-16 13:44:17 | Thread-9 (process_request_thread) | MainProcess | ERROR | error en funcionario.api_tallerista_lista_ obtener_profesores__ missing 1 required positional argument_ _id_profesor_
2026-04-16 13:49:09 | Thread-9 (process_request_thread) | MainProcess | ERROR | error en funcionario.api_tallerista_lista_ obtener_profesores__ missing 1 required positional argument_ _id_profesor_
2026-04-16 13:49:51 | Thread-9 (process_request_thread) | MainProcess | ERROR | error en funcionario.api_tallerista_lista_ obtener_profesores__ missing 1 required positional argument_ _id_profesor_
2026-04-16 13:51:30 | Thread-9 (process_request_thread) | MainProcess | ERROR | error en funcionario.api_tallerista_lista_ obtener_profesores__ missing 1 required positional argument_ _id_profesor_
2026-04-16 13:53:32 | Thread-9 (process_request_thread) | MainProcess | ERROR | error en funcionario.api_tallerista_lista_ obtener_profesores__ missing 1 required positional argument_ _id_profesor_
2026-04-16 13:54:02 | Thread-9 (process_request_thread) | MainProcess | ERROR | error en funcionario.api_tallerista_lista_ obtener_profesores__ missing 1 required positional argument_ _id_profesor_
2026-04-16 13:55:10 | Thread-9 (process_request_thread) | MainProcess | ERROR | error en funcionario.api_tallerista_lista_ obtener_profesores__ missing 1 required positional argument_ _id_profesor_
2026-04-16 15:08:10 | Thread-9 (process_request_thread) | MainProcess | ERROR | error en funcionario.api_tallerista_lista_ obtener_profesores__ missing 1 required positional argument_ _id_profesor_
2026-04-16 15:09:57 | Thread-8 (process_request_thread) | MainProcess | ERROR | error en funcionario.api_tallerista_lista_ obtener_profesores__ missing 1 required positional argument_ _id_profesor_
2026-04-16 15:10:22 | Thread-8 (process_request_thread) | MainProcess | ERROR | error en funcionario.api_tallerista_lista_ obtener_profesores__ missing 1 required positional argument_ _id_profesor_
2026-04-16 15:10:59 | Thread-8 (process_request_thread) | MainProcess | ERROR | error en funcionario.api_tallerista_lista_ obtener_profesores__ missing 1 required positional argument_ _id_profesor_
2026-04-16 15:11:47 | Thread-8 (process_request_thread) | MainProcess | ERROR | error en funcionario.api_tallerista_lista_ obtener_profesores__ missing 1 required positional argument_ _id_profesor_
2026-04-16 15:11:47 | Thread-9 (process_request_thread) | MainProcess | ERROR | api_taller_lista_ obtener_talleres__ missing 3 required positional arguments_ _id_taller_, _lugar_, and _nombre_taller_
2026-04-16 15:13:40 | Thread-8 (process_request_thread) | MainProcess | ERROR | error en funcionario.api_tallerista_lista_ obtener_profesores__ missing 1 required positional argument_ _id_profesor_
2026-04-16 15:13:40 | Thread-9 (process_request_thread) | MainProcess | ERROR | api_taller_lista_ obtener_talleres__ missing 3 required positional arguments_ _id_taller_, _lugar_, and _nombre_taller_
2026-04-16 15:14:29 | Thread-8 (process_request_thread) | MainProcess | ERROR | error en funcionario.api_tallerista_lista_ obtener_profesores__ missing 1 required positional argument_ _id_profesor_
2026-04-16 15:14:29 | Thread-9 (process_request_thread) | MainProcess | ERROR | api_taller_lista_ obtener_talleres__ missing 2 required positional arguments_ _id_taller_ and _lugar_
2026-04-16 15:15:20 | Thread-8 (process_request_thread) | MainProcess | ERROR | error en funcionario.api_tallerista_lista_ obtener_profesores__ missing 1 required positional argument_ _id_profesor_
2026-04-16 15:15:20 | Thread-9 (process_request_thread) | MainProcess | ERROR | api_taller_lista_ obtener_talleres__ missing 2 required positional arguments_ _id_taller_ and _lugar_
2026-04-16 15:15:48 | Thread-8 (process_request_thread) | MainProcess | ERROR | error en funcionario.api_tallerista_lista_ obtener_profesores__ missing 1 required positional argument_ _id_profesor_
2026-04-16 15:15:48 | Thread-9 (process_request_thread) | MainProcess | ERROR | api_taller_lista_ obtener_talleres__ missing 1 required positional argument_ _id_taller_
2026-04-16 15:16:15 | Thread-8 (process_request_thread) | MainProcess | ERROR | error en funcionario.api_tallerista_lista_ obtener_profesores__ missing 1 required positional argument_ _id_profesor_
2026-04-16 15:19:05 | Thread-8 (process_request_thread) | MainProcess | ERROR | error en funcionario.api_tallerista_lista_ obtener_profesores__ missing 1 required positional argument_ _id_profesor_
2026-04-16 15:19:49 | Thread-8 (process_request_thread) | MainProcess | ERROR | error en funcionario.api_tallerista_lista_ obtener_profesores__ missing 1 required positional argument_ _id_profesor_
2026-04-16 15:19:49 | Thread-9 (process_request_thread) | MainProcess | ERROR | api_taller_lista_ _NoneType_ object has no attribute _lower_
2026-04-16 15:20:06 | Thread-8 (process_request_thread) | MainProcess | ERROR | error en funcionario.api_tallerista_lista_ obtener_profesores__ missing 1 required positional argument_ _id_profesor_
2026-04-16 15:20:49 | Thread-8 (process_request_thread) | MainProcess | ERROR | error en funcionario.api_tallerista_lista_ obtener_profesores__ missing 1 required positional argument_ _id_profesor_
2026-04-16 15:31:01 | Thread-2 (process_request_thread) | MainProcess | ERROR | error en funcionario.funcionario_gestion_tallerista_ obtener_profesores__ missing 1 required positional argument_ _id_profesor_
2026-04-16 15:31:33 | Thread-8 (process_request_thread) | MainProcess | ERROR | error en funcionario.api_tallerista_lista_ obtener_profesores__ missing 1 required positional argument_ _id_profesor_
2026-04-16 15:31:35 | Thread-16 (process_request_thread) | MainProcess | ERROR | error en funcionario.api_tallerista_lista_ obtener_profesores__ missing 1 required positional argument_ _id_profesor_
2026-04-16 15:31:37 | Thread-18 (process_request_thread) | MainProcess | ERROR | error en funcionario.funcionario_gestion_tallerista_ obtener_profesores__ missing 1 required positional argument_ _id_profesor_
2026-04-16 15:31:39 | Thread-19 (process_request_thread) | MainProcess | ERROR | error en funcionario.funcionario_gestion_tallerista_ obtener_profesores__ missing 1 required positional argument_ _id_profesor_
2026-04-16 15:34:11 | Thread-21 (process_request_thread) | MainProcess | ERROR | error en funcionario.funcionario_gestion_tallerista_ obtener_profesores__ missing 1 required positional argument_ _id_profesor_
2026-04-16 15:34:52 | Thread-23 (process_request_thread) | MainProcess | ERROR | error en funcionario.funcionario_gestion_tallerista_ obtener_profesores__ missing 1 required positional argument_ _id_profesor_
2026-04-16 15:37:40 | Thread-8 (process_request_thread) | MainProcess | ERROR | error en funcionario.api_tallerista_lista_ obtener_profesores__ missing 1 required positional argument_ _id_profesor_
2026-04-16 15:37:42 | Thread-14 (process_request_thread) | MainProcess | ERROR | error en funcionario.api_tallerista_lista_ obtener_profesores__ missing 1 required positional argument_ _id_profesor_
2026-04-16 15:39:49 | Thread-22 (process_request_thread) | MainProcess | ERROR | error en funcionario.api_tallerista_lista_ obtener_profesores__ missing 1 required positional argument_ _id_profesor_
2026-04-16 16:03:00 | Thread-9 (process_request_thread) | MainProcess | ERROR | error en funcionario.api_tallerista_lista_ obtener_profesores__ missing 1 required positional argument_ _id_profesor_
2026-04-16 16:06:08 | Thread-9 (process_request_thread) | MainProcess | ERROR | error en funcionario.api_tallerista_lista_ obtener_profesores__ missing 1 required positional argument_ _id_profesor_
2026-04-16 16:06:13 | Thread-17 (process_request_thread) | MainProcess | ERROR | error en funcionario.api_tallerista_lista_ obtener_profesores__ missing 1 required positional argument_ _id_profesor_
2026-04-16 16:06:38 | Thread-8 (process_request_thread) | MainProcess | ERROR | error en funcionario.api_tallerista_lista_ obtener_profesores__ missing 1 required positional argument_ _id_profesor_
2026-04-16 16:09:47 | Thread-15 (process_request_thread) | MainProcess | ERROR | error en funcionario.api_tallerista_lista_ obtener_profesores__ missing 1 required positional argument_ _id_profesor_
2026-04-16 16:09:49 | Thread-23 (process_request_thread) | MainProcess | ERROR | error en funcionario.api_tallerista_lista_ obtener_profesores__ missing 1 required positional argument_ _id_profesor_
2026-04-16 16:11:17 | Thread-32 (process_request_thread) | MainProcess | ERROR | error en funcionario.api_tallerista_lista_ obtener_profesores__ missing 1 required positional argument_ _id_profesor_
2026-04-16 16:17:58 | Thread-48 (process_request_thread) | MainProcess | ERROR | error en funcionario.api_tallerista_lista_ obtener_profesores__ missing 1 required positional argument_ _id_profesor_
2026-04-16 16:18:14 | Thread-55 (process_request_thread) | MainProcess | ERROR | error en funcionario.api_tallerista_lista_ obtener_profesores__ missing 1 required positional argument_ _id_profesor_
2026-04-16 16:25:11 | Thread-34 (process_request_thread) | MainProcess | ERROR | error en funcionario.api_tallerista_lista_ obtener_profesores__ missing 1 required positional argument_ _id_profesor_
2026-04-16 16:25:13 | Thread-42 (process_request_thread) | MainProcess | ERROR | error en funcionario.api_tallerista_lista_ obtener_profesores__ missing 1 required positional argument_ _id_profesor_
2026-04-20 08:25:00 | Thread-21 (process_request_thread) | MainProcess | ERROR | error en funcionario.api_tallerista_lista_ obtener_profesores__ missing 1 required positional argument_ _id_profesor_
2026-04-20 08:31:51 | Thread-10 (process_request_thread) | MainProcess | ERROR | error en funcionario.api_tallerista_lista_ obtener_profesores__ missing 1 required positional argument_ _id_profesor_
2026-04-20 08:36:44 | Thread-18 (process_request_thread) | MainProcess | ERROR | error en funcionario.api_tallerista_lista_ obtener_profesores__ missing 1 required positional argument_ _id_profesor_
2026-04-20 08:42:51 | Thread-35 (process_request_thread) | MainProcess | ERROR | error en funcionario.api_tallerista_lista_ obtener_profesores__ missing 1 required positional argument_ _id_profesor_
2026-04-20 08:43:39 | Thread-46 (process_request_thread) | MainProcess | ERROR | error en funcionario.api_tallerista_lista_ obtener_profesores__ missing 1 required positional argument_ _id_profesor_
2026-04-20 08:45:32 | Thread-57 (process_request_thread) | MainProcess | ERROR | error en funcionario.api_tallerista_lista_ obtener_profesores__ missing 1 required positional argument_ _id_profesor_
2026-04-20 08:45:43 | Thread-67 (process_request_thread) | MainProcess | ERROR | error en funcionario.api_tallerista_lista_ obtener_profesores__ missing 1 required positional argument_ _id_profesor_
2026-04-20 08:45:51 | Thread-78 (process_request_thread) | MainProcess | ERROR | error en funcionario.api_tallerista_lista_ obtener_profesores__ missing 1 required positional argument_ _id_profesor_
2026-04-20 08:46:44 | Thread-87 (process_request_thread) | MainProcess | ERROR | error en funcionario.api_tallerista_lista_ obtener_profesores__ missing 1 required positional argument_ _id_profesor_
2026-04-20 08:56:00 | Thread-9 (process_request_thread) | MainProcess | ERROR | error en funcionario.api_tallerista_lista_ obtener_profesores__ missing 1 required positional argument_ _id_profesor_
2026-04-20 09:11:41 | Thread-13 (process_request_thread) | MainProcess | ERROR | error en funcionario.api_tallerista_lista_ obtener_profesores__ missing 1 required positional argument_ _id_profesor_
2026-04-20 09:12:09 | Thread-21 (process_request_thread) | MainProcess | ERROR | error en funcionario.api_tallerista_lista_ obtener_profesores__ missing 1 required positional argument_ _id_profesor_
2026-04-20 11:54:57 | Thread-9 (process_request_thread) | MainProcess | ERROR | error en funcionario.api_tallerista_lista_ obtener_profesores__ got an unexpected keyword argument _nombre_persona_
2026-04-20 12:00:33 | Thread-40 (process_request_thread) | MainProcess | ERROR | error en funcionario.api_tallerista_lista_ obtener_profesores__ got an unexpected keyword argument _nombre_persona_
2026-04-20 12:41:40 | Thread-9 (process_request_thread) | MainProcess | ERROR | error en funcionario.api_tallerista_lista_ obtener_profesores__ got an unexpected keyword argument _nombre_completo_
2026-04-20 12:46:59 | Thread-17 (process_request_thread) | MainProcess | ERROR | error en funcionario.api_tallerista_lista_ obtener_profesores__ got an unexpected keyword argument _nombre_completo_
2026-04-20 12:51:13 | Thread-25 (process_request_thread) | MainProcess | ERROR | error en funcionario.api_tallerista_lista_ obtener_profesores__ got an unexpected keyword argument _nombre_completo_
2026-04-20 12:52:06 | Thread-33 (process_request_thread) | MainProcess | ERROR | error en funcionario.api_tallerista_lista_ obtener_profesores__ got an unexpected keyword argument _nombre_completo_
2026-04-20 12:53:08 | Thread-40 (process_request_thread) | MainProcess | ERROR | error en funcionario.api_tallerista_lista_ obtener_profesores__ got an unexpected keyword argument _nombre_completo_
2026-04-20 13:01:41 | Thread-46 (process_request_thread) | MainProcess | ERROR | error en funcionario.api_tallerista_lista_ obtener_profesores__ got an unexpected keyword argument _nombre_completo_
2026-04-20 13:02:25 | Thread-52 (process_request_thread) | MainProcess | ERROR | error en funcionario.api_tallerista_lista_ obtener_profesores__ got an unexpected keyword argument _nombre_completo_
2026-04-20 13:02:34 | Thread-58 (process_request_thread) | MainProcess | ERROR | error en funcionario.api_tallerista_lista_ obtener_profesores__ got an unexpected keyword argument _nombre_completo_
2026-04-20 13:03:12 | Thread-64 (process_request_thread) | MainProcess | ERROR | error en funcionario.api_tallerista_lista_ obtener_profesores__ got an unexpected keyword argument _nombre_completo_
2026-04-20 13:04:56 | Thread-70 (process_request_thread) | MainProcess | ERROR | error en funcionario.api_tallerista_lista_ obtener_profesores__ got an unexpected keyword argument _nombre_completo_
2026-04-20 13:05:54 | Thread-76 (process_request_thread) | MainProcess | ERROR | error en funcionario.api_tallerista_lista_ obtener_profesores__ got an unexpected keyword argument _nombre_completo_
2026-04-20 13:06:28 | Thread-82 (process_request_thread) | MainProcess | ERROR | error en funcionario.api_tallerista_lista_ obtener_profesores__ got an unexpected keyword argument _nombre_completo_
2026-04-20 13:07:42 | Thread-88 (process_request_thread) | MainProcess | ERROR | error en funcionario.api_tallerista_lista_ obtener_profesores__ got an unexpected keyword argument _nombre_completo_
2026-04-20 13:08:01 | Thread-94 (process_request_thread) | MainProcess | ERROR | error en funcionario.api_tallerista_lista_ obtener_profesores__ got an unexpected keyword argument _nombre_completo_
2026-04-20 13:10:31 | Thread-100 (process_request_thread) | MainProcess | ERROR | error en funcionario.api_tallerista_lista_ obtener_profesores__ got an unexpected keyword argument _nombre_completo_
2026-04-20 13:11:21 | Thread-106 (process_request_thread) | MainProcess | ERROR | error en funcionario.api_tallerista_lista_ obtener_profesores__ got an unexpected keyword argument _nombre_completo_
2026-04-20 13:11:59 | Thread-112 (process_request_thread) | MainProcess | ERROR | error en funcionario.api_tallerista_lista_ obtener_profesores__ got an unexpected keyword argument _nombre_completo_
2026-04-20 13:13:41 | Thread-118 (process_request_thread) | MainProcess | ERROR | error en funcionario.api_tallerista_lista_ obtener_profesores__ got an unexpected keyword argument _nombre_completo_
2026-04-20 13:14:30 | Thread-124 (process_request_thread) | MainProcess | ERROR | error en funcionario.api_tallerista_lista_ obtener_profesores__ got an unexpected keyword argument _nombre_completo_
2026-04-20 13:14:43 | Thread-130 (process_request_thread) | MainProcess | ERROR | error en funcionario.api_tallerista_lista_ obtener_profesores__ got an unexpected keyword argument _nombre_completo_
2026-04-20 13:33:16 | Thread-7 (process_request_thread) | MainProcess | ERROR | error en funcionario.api_tallerista_lista_ obtener_profesores__ got an unexpected keyword argument _nombre_completo_
2026-04-20 13:33:19 | Thread-13 (process_request_thread) | MainProcess | ERROR | error en funcionario.api_tallerista_lista_ obtener_profesores__ got an unexpected keyword argument _nombre_completo_
2026-04-20 13:40:43 | Thread-19 (process_request_thread) | MainProcess | ERROR | error en funcionario.api_tallerista_lista_ obtener_profesores__ got an unexpected keyword argument _nombre_completo_
2026-04-20 13:43:11 | Thread-25 (process_request_thread) | MainProcess | ERROR | error en funcionario.api_tallerista_lista_ obtener_profesores__ got an unexpected keyword argument _nombre_completo_
2026-04-20 13:44:03 | Thread-7 (process_request_thread) | MainProcess | ERROR | error en funcionario.api_tallerista_lista_ obtener_profesores__ got an unexpected keyword argument _nombre_completo_
2026-04-20 13:46:48 | Thread-7 (process_request_thread) | MainProcess | ERROR | error en funcionario.api_tallerista_lista_ obtener_profesores__ got an unexpected keyword argument _id_taller_
2026-04-28 15:00:49 | Thread-3 (process_request_thread) | MainProcess | ERROR | error en funcionario.api_crear_tallerista_ cannot import name _insertar_tallerista_ from _db_test_ _C__Users_arias_Escritorio_flask_app_db_test.py_
2026-04-28 15:02:12 | Thread-2 (process_request_thread) | MainProcess | ERROR | error en funcionario.api_crear_tallerista_ inscribir_talleristas__ got an unexpected keyword argument _nombre_persona_
2026-04-28 15:05:33 | Thread-2 (process_request_thread) | MainProcess | ERROR | error en funcionario.api_crear_tallerista_ inscribir_talleristas__ got an unexpected keyword argument _nombre_persona_
2026-04-28 15:06:37 | Thread-11 (process_request_thread) | MainProcess | ERROR | error en funcionario.api_crear_tallerista_ inscribir_talleristas__ got an unexpected keyword argument _nombre_persona_
2026-04-28 15:07:12 | Thread-2 (process_request_thread) | MainProcess | ERROR | error en funcionario.api_crear_tallerista_ inscribir_talleristas__ got an unexpected keyword argument _nombre_persona_
2026-04-28 15:07:32 | Thread-2 (process_request_thread) | MainProcess | ERROR | error en funcionario.api_crear_tallerista_ inscribir_talleristas__ got an unexpected keyword argument _nombre_persona_
2026-04-28 15:08:18 | Thread-2 (process_request_thread) | MainProcess | ERROR | error en funcionario.api_crear_tallerista_ inscribir_talleristas__ got an unexpected keyword argument _apellido_paterno_. Did you mean _pi_apellido_paterno__
2026-04-28 15:13:54 | Thread-2 (process_request_thread) | MainProcess | ERROR | error en funcionario.api_crear_tallerista_ inscribir_talleristas__ missing 3 required positional arguments_ _pi_rut_profesor_, _pi_dv_profesor_, and _pi_edad_
2026-04-28 15:15:17 | Thread-2 (process_request_thread) | MainProcess | ERROR | error en funcionario.api_crear_tallerista_ inscribir_talleristas__ missing 1 required positional argument_ _pi_edad_
2026-04-28 15:15:31 | Thread-2 (process_request_thread) | MainProcess | ERROR | error en funcionario.api_crear_tallerista_ inscribir_talleristas__ missing 1 required positional argument_ _pi_edad_
2026-04-28 15:15:44 | Thread-2 (process_request_thread) | MainProcess | ERROR | error en funcionario.api_crear_tallerista_ _bool_ object has no attribute _get_
2026-04-28 15:18:55 | Thread-2 (process_request_thread) | MainProcess | ERROR | error en funcionario.api_crear_tallerista_ _bool_ object has no attribute _get_
